0 info it worked if it ends with ok
1 verbose cli [ '/usr/local/bin/node', '/usr/local/bin/npm', 'run', 'start' ]
2 info using npm@3.3.12
3 info using node@v4.2.1
4 verbose run-script [ 'prestart', 'start', 'poststart' ]
5 info lifecycle ecathgweb@1.0.0~prestart: ecathgweb@1.0.0
6 silly lifecycle ecathgweb@1.0.0~prestart: no script for prestart, continuing
7 info lifecycle ecathgweb@1.0.0~start: ecathgweb@1.0.0
8 verbose lifecycle ecathgweb@1.0.0~start: unsafe-perm in lifecycle true
9 verbose lifecycle ecathgweb@1.0.0~start: PATH: /usr/local/lib/node_modules/npm/bin/node-gyp-bin:/Users/cathleenghenne/Documents/reactnative/ECathGWeb/node_modules/.bin:/usr/local/lib/node_modules/grunt-cli:/Users/cathleenghenne/.node/bin:/usr/local/bin:/usr/bin:/bin:/usr/sbin:/sbin
10 verbose lifecycle ecathgweb@1.0.0~start: CWD: /Users/cathleenghenne/Documents/reactnative/ECathGWeb
11 silly lifecycle ecathgweb@1.0.0~start: Args: [ '-c',
11 silly lifecycle   'webpack-dev-server --host localhost --port 69 --hot --inline--progress --colors' ]
12 silly lifecycle ecathgweb@1.0.0~start: Returned: code: 1  signal: null
13 info lifecycle ecathgweb@1.0.0~start: Failed to exec start script
14 verbose stack Error: ecathgweb@1.0.0 start: `webpack-dev-server --host localhost --port 69 --hot --inline--progress --colors`
14 verbose stack Exit status 1
14 verbose stack     at EventEmitter.<anonymous> (/usr/local/lib/node_modules/npm/lib/utils/lifecycle.js:232:16)
14 verbose stack     at emitTwo (events.js:87:13)
14 verbose stack     at EventEmitter.emit (events.js:172:7)
14 verbose stack     at ChildProcess.<anonymous> (/usr/local/lib/node_modules/npm/lib/utils/spawn.js:24:14)
14 verbose stack     at emitTwo (events.js:87:13)
14 verbose stack     at ChildProcess.emit (events.js:172:7)
14 verbose stack     at maybeClose (internal/child_process.js:818:16)
14 verbose stack     at Process.ChildProcess._handle.onexit (internal/child_process.js:211:5)
15 verbose pkgid ecathgweb@1.0.0
16 verbose cwd /Users/cathleenghenne/Documents/reactnative/ECathGWeb
17 error Darwin 15.2.0
18 error argv "/usr/local/bin/node" "/usr/local/bin/npm" "run" "start"
19 error node v4.2.1
20 error npm  v3.3.12
21 error code ELIFECYCLE
22 error ecathgweb@1.0.0 start: `webpack-dev-server --host localhost --port 69 --hot --inline--progress --colors`
22 error Exit status 1
23 error Failed at the ecathgweb@1.0.0 start script 'webpack-dev-server --host localhost --port 69 --hot --inline--progress --colors'.
23 error Make sure you have the latest version of node.js and npm installed.
23 error If you do, this is most likely a problem with the ecathgweb package,
23 error not with npm itself.
23 error Tell the author that this fails on your system:
23 error     webpack-dev-server --host localhost --port 69 --hot --inline--progress --colors
23 error You can get their info via:
23 error     npm owner ls ecathgweb
23 error There is likely additional logging output above.
24 verbose exit [ 1, true ]
